{
  "RSpec": {
    "coverage": {
      "/Users/glykeriastravodimou/Projects/Chitter_Challenge/app.rb": {
        "lines": [
          1,
          1,
          1,
          null,
          1,
          1,
          1,
          1,
          null,
          1,
          null
        ]
      },
      "/Users/glykeriastravodimou/Projects/Chitter_Challenge/spec/features/index_spec.rb": {
        "lines": [
          1,
          1,
          1,
          1,
          null,
          null
        ]
      }
    },
    "timestamp": 1618491522
  }
}
